#
# A fatal error has been detected by the Java Runtime Environment:
#
#  Internal Error (javaCalls.cpp:51), pid=14380, tid=0x0000000000000308
#  guarantee(thread->is_Java_thread()) failed: crucial check - the VM thread cannot and must not escape to Java code
#
# JRE version: OpenJDK Runtime Environment (8.0_275-b01) (build 1.8.0_275-b01)
# Java VM: OpenJDK 64-Bit Server VM (25.275-b01 mixed mode windows-amd64 compressed oops)
# Failed to write core dump. Minidumps are not enabled by default on client versions of Windows
#
# If you would like to submit a bug report, please visit:
#   https://github.com/AdoptOpenJDK/openjdk-support/issues
#

---------------  T H R E A D  ---------------

Current thread (0x0000029ee7f5d000):  VMThread [stack: 0x000000fcd2d00000,0x000000fcd2e00000] [id=776]

Stack: [0x000000fcd2d00000,0x000000fcd2e00000]
[error occurred during error reporting (printing stack bounds), id 0xc0000005]

Native frames: (J=compiled Java code, j=interpreted, Vv=VM code, C=native code)

VM_Operation (0x000000fcd32ff300): GetOrSetLocal, mode: safepoint, requested by thread 0x0000029efae92800


---------------  P R O C E S S  ---------------

Java Threads: ( => current thread )
  0x0000029efd4f0800 JavaThread "pool-5-thread-1" [_thread_blocked, id=5408, stack(0x000000fcd3f00000,0x000000fcd4000000)]
  0x0000029efd4f2000 JavaThread "SciJava-18750acd-Thread-2" [_thread_blocked, id=8248, stack(0x000000fcd2100000,0x000000fcd2200000)]
  0x0000029e8cc33000 JavaThread "DestroyJavaVM" [_thread_blocked, id=11720, stack(0x000000fcd2400000,0x000000fcd2500000)]
  0x0000029e909a2800 JavaThread "Swing-Shell" daemon [_thread_blocked, id=13420, stack(0x000000fcd4600000,0x000000fcd4700000)]
  0x0000029e8ef98000 JavaThread "TimerQueue" daemon [_thread_blocked, id=8008, stack(0x000000fcd4500000,0x000000fcd4600000)]
  0x0000029eff228800 JavaThread "AWT-EventQueue-0" [_thread_blocked, id=2424, stack(0x000000fcd3e00000,0x000000fcd3f00000)]
  0x0000029efe604000 JavaThread "AWT-Windows" daemon [_thread_in_native, id=13120, stack(0x000000fcd3d00000,0x000000fcd3e00000)]
  0x0000029efe603800 JavaThread "AWT-Shutdown" [_thread_blocked, id=3972, stack(0x000000fcd3c00000,0x000000fcd3d00000)]
  0x0000029efeb49000 JavaThread "Java2D Disposer" daemon [_thread_blocked, id=15184, stack(0x000000fcd3b00000,0x000000fcd3c00000)]
  0x0000029efd8d0000 JavaThread "Service Thread" daemon [_thread_blocked, id=12520, stack(0x000000fcd3900000,0x000000fcd3a00000)]
  0x0000029efd8c0800 JavaThread "C1 CompilerThread3" daemon [_thread_blocked, id=7072, stack(0x000000fcd3800000,0x000000fcd3900000)]
  0x0000029efd8bf800 JavaThread "C2 CompilerThread2" daemon [_thread_blocked, id=12088, stack(0x000000fcd3700000,0x000000fcd3800000)]
  0x0000029efd8b8800 JavaThread "C2 CompilerThread1" daemon [_thread_blocked, id=12816, stack(0x000000fcd3600000,0x000000fcd3700000)]
  0x0000029efd86b000 JavaThread "C2 CompilerThread0" daemon [_thread_blocked, id=3808, stack(0x000000fcd3500000,0x000000fcd3600000)]
  0x0000029efae9a000 JavaThread "JDWP Command Reader" daemon [_thread_in_native, id=10024, stack(0x000000fcd3400000,0x000000fcd3500000)]
  0x0000029efae93800 JavaThread "JDWP Event Helper Thread" daemon [_thread_blocked, id=12616, stack(0x000000fcd3300000,0x000000fcd3400000)]
  0x0000029efae92800 JavaThread "JDWP Transport Listener: dt_socket" daemon [_thread_blocked, id=2012, stack(0x000000fcd3200000,0x000000fcd3300000)]
  0x0000029efae5d000 JavaThread "Attach Listener" daemon [_thread_blocked, id=2872, stack(0x000000fcd3100000,0x000000fcd3200000)]
  0x0000029efae60000 JavaThread "Signal Dispatcher" daemon [_thread_blocked, id=10620, stack(0x000000fcd3000000,0x000000fcd3100000)]
  0x0000029efae33800 JavaThread "Finalizer" daemon [_thread_blocked, id=5608, stack(0x000000fcd2f00000,0x000000fcd3000000)]
  0x0000029efae2c800 JavaThread "Reference Handler" daemon [_thread_blocked, id=4084, stack(0x000000fcd2e00000,0x000000fcd2f00000)]

Other Threads:
=>0x0000029ee7f5d000 VMThread [stack: 0x000000fcd2d00000,0x000000fcd2e00000] [id=776]
  0x0000029efd8d0800 WatcherThread [stack: 0x000000fcd3a00000,0x000000fcd3b00000] [id=8692]

VM state:at safepoint (normal execution)

VM Mutex/Monitor currently owned by a thread:  ([mutex/lock_event])
[0x0000029ee7eac620] Threads_lock - owner thread: 0x0000029ee7f5d000

heap address: 0x00000006c2600000, size: 4058 MB, Compressed Oops mode: Zero based, Oop shift amount: 3
Narrow klass base: 0x0000000000000000, Narrow klass shift: 3
Compressed class space size: 1073741824 Address: 0x00000007c0000000

Heap:
 PSYoungGen      total 195584K, used 142082K [0x000000076b780000, 0x0000000779280000, 0x00000007c0000000)
  eden space 182272K, 74% used [0x000000076b780000,0x0000000773bc5cd8,0x0000000776980000)
  from space 13312K, 49% used [0x0000000778580000,0x0000000778bfab80,0x0000000779280000)
  to   space 20992K, 0% used [0x0000000776980000,0x0000000776980000,0x0000000777e00000)
 ParOldGen       total 186368K, used 26845K [0x00000006c2600000, 0x00000006cdc00000, 0x000000076b780000)
  object space 186368K, 14% used [0x00000006c2600000,0x00000006c4037668,0x00000006cdc00000)
 Metaspace       used 39177K, capacity 39813K, committed 40280K, reserved 1083392K
  class space    used 5578K, capacity 5694K, committed 5760K, reserved 1048576K

Card table byte_map: [0x0000029ef8ca0000,0x0000029ef9490000] byte_map_base: 0x0000029ef568d000

Marking Bits: (ParMarkBitMap*) 0x000000006f0b97c0
 Begin Bits: [0x0000029e80000000, 0x0000029e83f68000)
 End Bits:   [0x0000029e83f68000, 0x0000029e87ed0000)

Polling page: 0x0000029ee7ff0000

CodeCache: size=245760Kb used=17113Kb max_used=17362Kb free=228646Kb
 bounds [0x0000029ee98e0000, 0x0000029eeaa20000, 0x0000029ef88e0000]
 total_blobs=5444 nmethods=4776 adapters=587
 compilation: enabled

Compilation events (10 events):
Event: 310.116 Thread 0x0000029efd8c0800 nmethod 5755 0x0000029eea46d410 code [0x0000029eea46d580, 0x0000029eea46d7d8]
Event: 310.117 Thread 0x0000029efd86b000 nmethod 5756 0x0000029eea90a410 code [0x0000029eea90a540, 0x0000029eea90a5d8]
Event: 310.117 Thread 0x0000029efd8bf800 5757   !   4       sun.java2d.windows.GDIRenderer::drawLine (89 bytes)
Event: 310.120 Thread 0x0000029efd8bf800 nmethod 5757 0x0000029eea3db150 code [0x0000029eea3db2a0, 0x0000029eea3db4c8]
Event: 310.212 Thread 0x0000029efd8c0800 5758       1       javax.swing.text.DefaultCaret::getMagicCaretPosition (5 bytes)
Event: 310.212 Thread 0x0000029efd8c0800 nmethod 5758 0x0000029eea6f9390 code [0x0000029eea6f94e0, 0x0000029eea6f95f8]
Event: 310.212 Thread 0x0000029efd8b8800 5759       4       javax.swing.text.View::getMaximumSpan (19 bytes)
Event: 310.212 Thread 0x0000029efd8c0800 5760       3       javax.swing.JScrollBar::getMaximum (10 bytes)
Event: 310.212 Thread 0x0000029efd8c0800 nmethod 5760 0x0000029eea3892d0 code [0x0000029eea389440, 0x0000029eea389698]
Event: 310.213 Thread 0x0000029efd8b8800 nmethod 5759 0x0000029eea4a9110 code [0x0000029eea4a9260, 0x0000029eea4a9308]

GC Heap History (10 events):
Event: 10.047 GC heap before
{Heap before GC invocations=6 (full 1):
 PSYoungGen      total 99840K, used 99459K [0x000000076b780000, 0x0000000774700000, 0x00000007c0000000)
  eden space 93696K, 100% used [0x000000076b780000,0x0000000771300000,0x0000000771300000)
  from space 6144K, 93% used [0x0000000774100000,0x00000007746a0e38,0x0000000774700000)
  to   space 10752K, 0% used [0x0000000773200000,0x0000000773200000,0x0000000773c80000)
 ParOldGen       total 111616K, used 11425K [0x00000006c2600000, 0x00000006c9300000, 0x000000076b780000)
  object space 111616K, 10% used [0x00000006c2600000,0x00000006c3128680,0x00000006c9300000)
 Metaspace       used 33220K, capacity 33761K, committed 33920K, reserved 1079296K
  class space    used 4857K, capacity 4991K, committed 4992K, reserved 1048576K
Event: 10.058 GC heap after
Heap after GC invocations=6 (full 1):
 PSYoungGen      total 136192K, used 10724K [0x000000076b780000, 0x0000000775980000, 0x00000007c0000000)
  eden space 125440K, 0% used [0x000000076b780000,0x000000076b780000,0x0000000773200000)
  from space 10752K, 99% used [0x0000000773200000,0x0000000773c79280,0x0000000773c80000)
  to   space 18432K, 0% used [0x0000000774780000,0x0000000774780000,0x0000000775980000)
 ParOldGen       total 111616K, used 16736K [0x00000006c2600000, 0x00000006c9300000, 0x000000076b780000)
  object space 111616K, 14% used [0x00000006c2600000,0x00000006c3658398,0x00000006c9300000)
 Metaspace       used 33220K, capacity 33761K, committed 33920K, reserved 1079296K
  class space    used 4857K, capacity 4991K, committed 4992K, reserved 1048576K
}
Event: 11.545 GC heap before
{Heap before GC invocations=7 (full 1):
 PSYoungGen      total 136192K, used 41748K [0x000000076b780000, 0x0000000775980000, 0x00000007c0000000)
  eden space 125440K, 24% used [0x000000076b780000,0x000000076d5cbe60,0x0000000773200000)
  from space 10752K, 99% used [0x0000000773200000,0x0000000773c79280,0x0000000773c80000)
  to   space 18432K, 0% used [0x0000000774780000,0x0000000774780000,0x0000000775980000)
 ParOldGen       total 111616K, used 16736K [0x00000006c2600000, 0x00000006c9300000, 0x000000076b780000)
  object space 111616K, 14% used [0x00000006c2600000,0x00000006c3658398,0x00000006c9300000)
 Metaspace       used 34698K, capacity 35211K, committed 35416K, reserved 1079296K
  class space    used 5076K, capacity 5199K, committed 5248K, reserved 1048576K
Event: 11.556 GC heap after
Heap after GC invocations=7 (full 1):
 PSYoungGen      total 144896K, used 17511K [0x000000076b780000, 0x0000000778600000, 0x00000007c0000000)
  eden space 126464K, 0% used [0x000000076b780000,0x000000076b780000,0x0000000773300000)
  from space 18432K, 95% used [0x0000000774780000,0x0000000775899d60,0x0000000775980000)
  to   space 20992K, 0% used [0x0000000773300000,0x0000000773300000,0x0000000774780000)
 ParOldGen       total 111616K, used 27330K [0x00000006c2600000, 0x00000006c9300000, 0x000000076b780000)
  object space 111616K, 24% used [0x00000006c2600000,0x00000006c40b0838,0x00000006c9300000)
 Metaspace       used 34698K, capacity 35211K, committed 35416K, reserved 1079296K
  class space    used 5076K, capacity 5199K, committed 5248K, reserved 1048576K
}
Event: 11.556 GC heap before
{Heap before GC invocations=8 (full 2):
 PSYoungGen      total 144896K, used 17511K [0x000000076b780000, 0x0000000778600000, 0x00000007c0000000)
  eden space 126464K, 0% used [0x000000076b780000,0x000000076b780000,0x0000000773300000)
  from space 18432K, 95% used [0x0000000774780000,0x0000000775899d60,0x0000000775980000)
  to   space 20992K, 0% used [0x0000000773300000,0x0000000773300000,0x0000000774780000)
 ParOldGen       total 111616K, used 27330K [0x00000006c2600000, 0x00000006c9300000, 0x000000076b780000)
  object space 111616K, 24% used [0x00000006c2600000,0x00000006c40b0838,0x00000006c9300000)
 Metaspace       used 34698K, capacity 35211K, committed 35416K, reserved 1079296K
  class space    used 5076K, capacity 5199K, committed 5248K, reserved 1048576K
Event: 11.592 GC heap after
Heap after GC invocations=8 (full 2):
 PSYoungGen      total 144896K, used 0K [0x000000076b780000, 0x0000000778600000, 0x00000007c0000000)
  eden space 126464K, 0% used [0x000000076b780000,0x000000076b780000,0x0000000773300000)
  from space 18432K, 0% used [0x0000000774780000,0x0000000774780000,0x0000000775980000)
  to   space 20992K, 0% used [0x0000000773300000,0x0000000773300000,0x0000000774780000)
 ParOldGen       total 186368K, used 26837K [0x00000006c2600000, 0x00000006cdc00000, 0x000000076b780000)
  object space 186368K, 14% used [0x00000006c2600000,0x00000006c4035668,0x00000006cdc00000)
 Metaspace       used 34698K, capacity 35211K, committed 35416K, reserved 1079296K
  class space    used 5076K, capacity 5199K, committed 5248K, reserved 1048576K
}
Event: 11.676 GC heap before
{Heap before GC invocations=9 (full 2):
 PSYoungGen      total 144896K, used 13739K [0x000000076b780000, 0x0000000778600000, 0x00000007c0000000)
  eden space 126464K, 10% used [0x000000076b780000,0x000000076c4eaea0,0x0000000773300000)
  from space 18432K, 0% used [0x0000000774780000,0x0000000774780000,0x0000000775980000)
  to   space 20992K, 0% used [0x0000000773300000,0x0000000773300000,0x0000000774780000)
 ParOldGen       total 186368K, used 26837K [0x00000006c2600000, 0x00000006cdc00000, 0x000000076b780000)
  object space 186368K, 14% used [0x00000006c2600000,0x00000006c4035668,0x00000006cdc00000)
 Metaspace       used 35584K, capacity 36139K, committed 36568K, reserved 1081344K
  class space    used 5172K, capacity 5295K, committed 5376K, reserved 1048576K
Event: 11.678 GC heap after
Heap after GC invocations=9 (full 2):
 PSYoungGen      total 147456K, used 3738K [0x000000076b780000, 0x0000000779a80000, 0x00000007c0000000)
  eden space 126464K, 0% used [0x000000076b780000,0x000000076b780000,0x0000000773300000)
  from space 20992K, 17% used [0x0000000773300000,0x00000007736a6b70,0x0000000774780000)
  to   space 21504K, 0% used [0x0000000778580000,0x0000000778580000,0x0000000779a80000)
 ParOldGen       total 186368K, used 26837K [0x00000006c2600000, 0x00000006cdc00000, 0x000000076b780000)
  object space 186368K, 14% used [0x00000006c2600000,0x00000006c4035668,0x00000006cdc00000)
 Metaspace       used 35584K, capacity 36139K, committed 36568K, reserved 1081344K
  class space    used 5172K, capacity 5295K, committed 5376K, reserved 1048576K
}
Event: 14.904 GC heap before
{Heap before GC invocations=10 (full 2):
 PSYoungGen      total 147456K, used 130202K [0x000000076b780000, 0x0000000779a80000, 0x00000007c0000000)
  eden space 126464K, 100% used [0x000000076b780000,0x0000000773300000,0x0000000773300000)
  from space 20992K, 17% used [0x0000000773300000,0x00000007736a6b70,0x0000000774780000)
  to   space 21504K, 0% used [0x0000000778580000,0x0000000778580000,0x0000000779a80000)
 ParOldGen       total 186368K, used 26837K [0x00000006c2600000, 0x00000006cdc00000, 0x000000076b780000)
  object space 186368K, 14% used [0x00000006c2600000,0x00000006c4035668,0x00000006cdc00000)
 Metaspace       used 38452K, capacity 39043K, committed 39512K, reserved 1083392K
  class space    used 5540K, capacity 5657K, committed 5760K, reserved 1048576K
Event: 14.911 GC heap after
Heap after GC invocations=10 (full 2):
 PSYoungGen      total 195584K, used 6634K [0x000000076b780000, 0x0000000779280000, 0x00000007c0000000)
  eden space 182272K, 0% used [0x000000076b780000,0x000000076b780000,0x0000000776980000)
  from space 13312K, 49% used [0x0000000778580000,0x0000000778bfab80,0x0000000779280000)
  to   space 20992K, 0% used [0x0000000776980000,0x0000000776980000,0x0000000777e00000)
 ParOldGen       total 186368K, used 26845K [0x00000006c2600000, 0x00000006cdc00000, 0x000000076b780000)
  object space 186368K, 14% used [0x00000006c2600000,0x00000006c4037668,0x00000006cdc00000)
 Metaspace       used 38452K, capacity 39043K, committed 39512K, reserved 1083392K
  class space    used 5540K, capacity 5657K, committed 5760K, reserved 1048576K
}

Deoptimization events (10 events):
Event: 48.091 Thread 0x0000029e8b6f5000 Uncommon trap: reason=unhandled action=none pc=0x0000029eea29350c method=java.net.URLClassLoader.findClass(Ljava/lang/String;)Ljava/lang/Class; @ 44
Event: 48.091 Thread 0x0000029e8b6f5000 Uncommon trap: reason=unhandled action=none pc=0x0000029eea29350c method=java.net.URLClassLoader.findClass(Ljava/lang/String;)Ljava/lang/Class; @ 44
Event: 48.092 Thread 0x0000029e8b6f5000 Uncommon trap: reason=unhandled action=none pc=0x0000029eea29350c method=java.net.URLClassLoader.findClass(Ljava/lang/String;)Ljava/lang/Class; @ 44
Event: 48.093 Thread 0x0000029e8b6f5000 Uncommon trap: reason=unhandled action=none pc=0x0000029eea29350c method=java.net.URLClassLoader.findClass(Ljava/lang/String;)Ljava/lang/Class; @ 44
Event: 49.558 Thread 0x0000029eff228800 Uncommon trap: reason=unstable_if action=reinterpret pc=0x0000029eea4aa8e4 method=sun.awt.geom.Curve.pointCrossingsForCubic(DDDDDDDDDDI)I @ 4
Event: 49.605 Thread 0x0000029eff228800 Uncommon trap: reason=unstable_if action=reinterpret pc=0x0000029eea94b2bc method=sun.awt.geom.Curve.pointCrossingsForCubic(DDDDDDDDDDI)I @ 41
Event: 167.763 Thread 0x0000029eff228800 Uncommon trap: reason=unstable_if action=reinterpret pc=0x0000029eea4a65e0 method=sun.awt.geom.Curve.pointCrossingsForLine(DDDDDD)I @ 36
Event: 167.763 Thread 0x0000029eff228800 Uncommon trap: reason=unstable_if action=reinterpret pc=0x0000029eea4a9314 method=sun.awt.geom.Curve.pointCrossingsForLine(DDDDDD)I @ 36
Event: 176.370 Thread 0x0000029eff228800 Uncommon trap: reason=unstable_if action=reinterpret pc=0x0000029eea9c6404 method=javax.swing.plaf.basic.BasicProgressBarUI.getBox(Ljava/awt/Rectangle;)Ljava/awt/Rectangle; @ 72
Event: 310.145 Thread 0x0000029e8ef98000 Uncommon trap: reason=unstable_if action=reinterpret pc=0x0000029ee9bbe010 method=javax.swing.Timer.post()V @ 16

Classes redefined (4 events):
Event: 210.189 Thread 0x0000029ee7f5d000 redefined class name=at.csa.csaj.sig.hrv.SignalHRV$1, count=1
Event: 210.206 Thread 0x0000029ee7f5d000 redefined class name=at.csa.csaj.sig.hrv.SignalHRV, count=1
Event: 286.087 Thread 0x0000029ee7f5d000 redefined class name=at.csa.csaj.sig.hrv.SignalHRV$1, count=2
Event: 286.103 Thread 0x0000029ee7f5d000 redefined class name=at.csa.csaj.sig.hrv.SignalHRV, count=2

Internal exceptions (10 events):
Event: 3.210 Thread 0x0000029efe6e5800 Exception <a 'java/lang/ArrayIndexOutOfBoundsException': 92> (0x000000076f6a1e78) thrown at [J:\jenkins\tmp\workspace\build\src\hotspot\src\share\vm\interpreter\interpreterRuntime.cpp, line 368]
Event: 3.211 Thread 0x0000029efe6e5800 Exception <a 'java/lang/ArrayIndexOutOfBoundsException': 133> (0x000000076f6bc5f8) thrown at [J:\jenkins\tmp\workspace\build\src\hotspot\src\share\vm\interpreter\interpreterRuntime.cpp, line 368]
Event: 10.037 Thread 0x0000029efe6e5800 Implicit null exception at 0x0000029eea404794 to 0x0000029eea406229
Event: 11.640 Thread 0x0000029efe6e5800 Implicit null exception at 0x0000029eea2c8a5a to 0x0000029eea2c8b1e
Event: 11.643 Thread 0x0000029efe6e5800 Implicit null exception at 0x0000029eea2d3499 to 0x0000029eea2d3532
Event: 11.980 Thread 0x0000029e8cc33000 Implicit null exception at 0x0000029eea5f4724 to 0x0000029eea5f549d
Event: 11.980 Thread 0x0000029e907d3800 Exception <a 'java/lang/ArrayIndexOutOfBoundsException': 147> (0x000000076f3fc1d8) thrown at [J:\jenkins\tmp\workspace\build\src\hotspot\src\share\vm\interpreter\interpreterRuntime.cpp, line 368]
Event: 11.980 Thread 0x0000029e907d3800 Implicit null exception at 0x0000029eea4a53cc to 0x0000029eea4b5149
Event: 12.138 Thread 0x0000029e907d3800 Implicit null exception at 0x0000029eea259bf0 to 0x0000029eea259ec1
Event: 12.206 Thread 0x0000029e907d3800 Implicit null exception at 0x0000029eea2da764 to 0x0000029eea2db081

Events (10 events):
Event: 310.212 Thread 0x0000029efd8c0800 flushing nmethod 0x0000029eea4a9110
Event: 310.212 Thread 0x0000029efd8c0800 flushing nmethod 0x0000029eea4d8850
Event: 310.212 Thread 0x0000029efd8c0800 flushing nmethod 0x0000029eea4dabd0
Event: 310.212 Thread 0x0000029efd8c0800 flushing nmethod 0x0000029eea4e3450
Event: 310.212 Thread 0x0000029efd8c0800 flushing nmethod 0x0000029eea4e4190
Event: 310.212 Thread 0x0000029efd8c0800 flushing nmethod 0x0000029eea5040d0
Event: 310.212 Thread 0x0000029efd8c0800 flushing nmethod 0x0000029eea51abd0
Event: 310.213 Thread 0x0000029efd8c0800 flushing nmethod 0x0000029eea58ebd0
Event: 310.213 Thread 0x0000029efd8b8800 flushing nmethod 0x0000029eea6e2d10
Event: 310.291 Executing VM operation: GetOrSetLocal


Dynamic libraries:
0x00007ff7d5310000 - 0x00007ff7d534a000 	C:\Program Files\AdoptOpenJDK\jdk-8.0.275.1-hotspot\bin\javaw.exe
0x00007fffebeb0000 - 0x00007fffec0a6000 	C:\WINDOWS\SYSTEM32\ntdll.dll
0x00007fffeb6d0000 - 0x00007fffeb78d000 	C:\WINDOWS\System32\KERNEL32.DLL
0x00007fffe9760000 - 0x00007fffe9a29000 	C:\WINDOWS\System32\KERNELBASE.dll
0x00007fffeb350000 - 0x00007fffeb3fc000 	C:\WINDOWS\System32\ADVAPI32.dll
0x00007fffeafb0000 - 0x00007fffeb04e000 	C:\WINDOWS\System32\msvcrt.dll
0x00007fffea2a0000 - 0x00007fffea33c000 	C:\WINDOWS\System32\sechost.dll
0x00007fffeb8d0000 - 0x00007fffeb9fb000 	C:\WINDOWS\System32\RPCRT4.dll
0x00007fffe9f70000 - 0x00007fffea110000 	C:\WINDOWS\System32\USER32.dll
0x00007fffe9cc0000 - 0x00007fffe9ce2000 	C:\WINDOWS\System32\win32u.dll
0x00007fffeb320000 - 0x00007fffeb34a000 	C:\WINDOWS\System32\GDI32.dll
0x00007fffe9650000 - 0x00007fffe975b000 	C:\WINDOWS\System32\gdi32full.dll
0x00007fffe9df0000 - 0x00007fffe9e8d000 	C:\WINDOWS\System32\msvcp_win.dll
0x00007fffe9cf0000 - 0x00007fffe9df0000 	C:\WINDOWS\System32\ucrtbase.dll
0x00007fffe8a00000 - 0x00007fffe8c9b000 	C:\WINDOWS\WinSxS\amd64_microsoft.windows.common-controls_6595b64144ccf1df_6.0.19041.746_none_ca02b4b61b8320a4\COMCTL32.dll
0x00007fffeb270000 - 0x00007fffeb2a0000 	C:\WINDOWS\System32\IMM32.DLL
0x00007fffc2160000 - 0x00007fffc224f000 	C:\Program Files\AdoptOpenJDK\jdk-8.0.275.1-hotspot\jre\bin\msvcr120.dll
0x00007fffc1f00000 - 0x00007fffc1fa6000 	C:\Program Files\AdoptOpenJDK\jdk-8.0.275.1-hotspot\jre\bin\msvcp120.dll
0x000000006e8d0000 - 0x000000006f138000 	C:\Program Files\AdoptOpenJDK\jdk-8.0.275.1-hotspot\jre\bin\server\jvm.dll
0x00007fffeae50000 - 0x00007fffeae58000 	C:\WINDOWS\System32\PSAPI.DLL
0x00007fffe6110000 - 0x00007fffe6119000 	C:\WINDOWS\SYSTEM32\WSOCK32.dll
0x00007fffc6de0000 - 0x00007fffc6e07000 	C:\WINDOWS\SYSTEM32\WINMM.dll
0x00007fffe74d0000 - 0x00007fffe74da000 	C:\WINDOWS\SYSTEM32\VERSION.dll
0x00007fffeaf20000 - 0x00007fffeaf8b000 	C:\WINDOWS\System32\WS2_32.dll
0x00007fffe4c40000 - 0x00007fffe4c4f000 	C:\Program Files\AdoptOpenJDK\jdk-8.0.275.1-hotspot\jre\bin\verify.dll
0x00007fffd5910000 - 0x00007fffd5938000 	C:\Program Files\AdoptOpenJDK\jdk-8.0.275.1-hotspot\jre\bin\java.dll
0x00007fffd1fb0000 - 0x00007fffd1fe5000 	C:\Program Files\AdoptOpenJDK\jdk-8.0.275.1-hotspot\jre\bin\jdwp.dll
0x00007fffe3750000 - 0x00007fffe3758000 	C:\Program Files\AdoptOpenJDK\jdk-8.0.275.1-hotspot\jre\bin\npt.dll
0x00007fffd21b0000 - 0x00007fffd21da000 	C:\Program Files\AdoptOpenJDK\jdk-8.0.275.1-hotspot\jre\bin\instrument.dll
0x00007fffd2120000 - 0x00007fffd2136000 	C:\Program Files\AdoptOpenJDK\jdk-8.0.275.1-hotspot\jre\bin\zip.dll
0x00007fffea700000 - 0x00007fffeae42000 	C:\WINDOWS\System32\SHELL32.dll
0x00007fffe6930000 - 0x00007fffe70c0000 	C:\WINDOWS\SYSTEM32\windows.storage.dll
0x00007fffea3a0000 - 0x00007fffea6f6000 	C:\WINDOWS\System32\combase.dll
0x00007fffe8960000 - 0x00007fffe898c000 	C:\WINDOWS\SYSTEM32\Wldp.dll
0x00007fffeb790000 - 0x00007fffeb83e000 	C:\WINDOWS\System32\SHCORE.dll
0x00007fffe9f10000 - 0x00007fffe9f65000 	C:\WINDOWS\System32\shlwapi.dll
0x00007fffe9520000 - 0x00007fffe9546000 	C:\WINDOWS\SYSTEM32\profapi.dll
0x00007fffd5900000 - 0x00007fffd5909000 	C:\Program Files\AdoptOpenJDK\jdk-8.0.275.1-hotspot\jre\bin\dt_socket.dll
0x00007fffbc0e0000 - 0x00007fffbc0f7000 	C:\WINDOWS\system32\napinsp.dll
0x00007fffb8540000 - 0x00007fffb855b000 	C:\WINDOWS\system32\pnrpnsp.dll
0x00007fffd5e30000 - 0x00007fffd5e45000 	C:\WINDOWS\system32\wshbth.dll
0x00007fffe37f0000 - 0x00007fffe380d000 	C:\WINDOWS\system32\NLAapi.dll
0x00007fffe83d0000 - 0x00007fffe840b000 	C:\WINDOWS\SYSTEM32\IPHLPAPI.DLL
0x00007fffe88b0000 - 0x00007fffe891a000 	C:\WINDOWS\System32\mswsock.dll
0x00007fffe8410000 - 0x00007fffe84db000 	C:\WINDOWS\SYSTEM32\DNSAPI.dll
0x00007fffeb260000 - 0x00007fffeb268000 	C:\WINDOWS\System32\NSI.dll
0x00007fffb8520000 - 0x00007fffb8532000 	C:\WINDOWS\System32\winrnr.dll
0x00007fffe30e0000 - 0x00007fffe315f000 	C:\WINDOWS\System32\fwpuclnt.dll
0x00007fffe9a30000 - 0x00007fffe9a57000 	C:\WINDOWS\System32\bcrypt.dll
0x00007fffe1fc0000 - 0x00007fffe1fca000 	C:\Windows\System32\rasadhlp.dll
0x00007fffb7500000 - 0x00007fffb7695000 	C:\Program Files\AdoptOpenJDK\jdk-8.0.275.1-hotspot\jre\bin\awt.dll
0x00007fffea1d0000 - 0x00007fffea29d000 	C:\WINDOWS\System32\OLEAUT32.dll
0x00007fffe4a20000 - 0x00007fffe4ab0000 	C:\WINDOWS\SYSTEM32\apphelp.dll
0x00007fffe4f10000 - 0x00007fffe4fae000 	C:\WINDOWS\system32\uxtheme.dll
0x00007fffeb5b0000 - 0x00007fffeb6c5000 	C:\WINDOWS\System32\MSCTF.dll
0x00007fffeb130000 - 0x00007fffeb25a000 	C:\WINDOWS\System32\ole32.dll
0x00007fffe70d0000 - 0x00007fffe70e2000 	C:\WINDOWS\SYSTEM32\kernel.appcore.dll
0x00007fffe9e90000 - 0x00007fffe9f10000 	C:\WINDOWS\System32\bcryptPrimitives.dll
0x00007fffe4ff0000 - 0x00007fffe501f000 	C:\WINDOWS\system32\DWMAPI.DLL
0x00007fffc6a70000 - 0x00007fffc6b03000 	C:\Program Files\AdoptOpenJDK\jdk-8.0.275.1-hotspot\jre\bin\freetype.dll
0x00007fffb7800000 - 0x00007fffb78bd000 	C:\Program Files\AdoptOpenJDK\jdk-8.0.275.1-hotspot\jre\bin\fontmanager.dll
0x00007fffd2060000 - 0x00007fffd207a000 	C:\Program Files\AdoptOpenJDK\jdk-8.0.275.1-hotspot\jre\bin\net.dll
0x00007fffc7820000 - 0x00007fffc7832000 	C:\Program Files\AdoptOpenJDK\jdk-8.0.275.1-hotspot\jre\bin\nio.dll
0x00007fffb7ad0000 - 0x00007fffb7bf5000 	C:\WINDOWS\system32\opengl32.dll
0x00007fffc7570000 - 0x00007fffc759c000 	C:\WINDOWS\SYSTEM32\GLU32.dll
0x00007fffdc190000 - 0x00007fffdc1cb000 	C:\WINDOWS\SYSTEM32\dxcore.dll
0x00007fffe9a60000 - 0x00007fffe9aae000 	C:\WINDOWS\System32\cfgmgr32.dll
0x00007fffcee90000 - 0x00007fffcef40000 	C:\WINDOWS\WinSxS\amd64_microsoft.windows.common-controls_6595b64144ccf1df_5.82.19041.488_none_4238de57f6b64d28\comctl32.dll
0x00007fffeae60000 - 0x00007fffeaf09000 	C:\WINDOWS\System32\clbcatq.dll
0x00007fffe29f0000 - 0x00007fffe2ba4000 	C:\WINDOWS\SYSTEM32\WindowsCodecs.dll
0x00007fffbeb70000 - 0x00007fffbebae000 	C:\WINDOWS\system32\dataexchange.dll
0x00007fffe5ea0000 - 0x00007fffe6104000 	C:\WINDOWS\system32\d3d11.dll
0x00007fffe3f20000 - 0x00007fffe4107000 	C:\WINDOWS\system32\dcomp.dll
0x00007fffe7240000 - 0x00007fffe7333000 	C:\WINDOWS\system32\dxgi.dll
0x00007fffe2730000 - 0x00007fffe2931000 	C:\WINDOWS\system32\twinapi.appcore.dll
0x00007fffcf370000 - 0x00007fffcf46b000 	C:\WINDOWS\SYSTEM32\textinputframework.dll
0x00007fffe4110000 - 0x00007fffe446e000 	C:\WINDOWS\System32\CoreUIComponents.dll
0x00007fffe47f0000 - 0x00007fffe48e2000 	C:\WINDOWS\System32\CoreMessaging.dll
0x00007fffe92c0000 - 0x00007fffe92f3000 	C:\WINDOWS\SYSTEM32\ntmarta.dll
0x00007fffe3810000 - 0x00007fffe3964000 	C:\WINDOWS\SYSTEM32\wintypes.dll
0x00007fffe2c20000 - 0x00007fffe2d17000 	C:\WINDOWS\system32\propsys.dll
0x00007fffa5320000 - 0x00007fffa5337000 	C:\WINDOWS\system32\NetworkExplorer.dll
0x00007fffbd730000 - 0x00007fffbd796000 	C:\Windows\System32\thumbcache.dll
0x00007fffbfd80000 - 0x00007fffbfd9d000 	C:\WINDOWS\SYSTEM32\MPR.dll
0x00007fffe2300000 - 0x00007fffe230b000 	C:\WINDOWS\System32\drprov.dll
0x00007fffe8260000 - 0x00007fffe82ba000 	C:\WINDOWS\System32\WINSTA.dll
0x00007fffda5e0000 - 0x00007fffda5f8000 	C:\WINDOWS\System32\ntlanman.dll
0x00007fffd5870000 - 0x00007fffd588e000 	C:\WINDOWS\System32\davclnt.dll
0x00007fffc9a60000 - 0x00007fffc9a6d000 	C:\WINDOWS\System32\DAVHLPR.dll
0x00007fffe8890000 - 0x00007fffe88a7000 	C:\WINDOWS\System32\wkscli.dll
0x00007fffbd890000 - 0x00007fffbd8a2000 	C:\WINDOWS\SYSTEM32\cscapi.dll
0x00007fffe84e0000 - 0x00007fffe84ec000 	C:\WINDOWS\System32\netutils.dll
0x00007fffcec20000 - 0x00007fffcec78000 	C:\Windows\System32\dlnashext.dll
0x00007fffc4ce0000 - 0x00007fffc4d44000 	C:\Windows\System32\PlayToDevice.dll
0x00007fffdd6e0000 - 0x00007fffdd700000 	C:\Windows\System32\DevDispItemProvider.dll
0x00007fffd7170000 - 0x00007fffd71f5000 	C:\WINDOWS\System32\MMDevApi.dll
0x00007fffe9390000 - 0x00007fffe93bc000 	C:\WINDOWS\System32\DEVOBJ.dll
0x00007fffc8320000 - 0x00007fffc83c3000 	C:\WINDOWS\system32\wpdshext.dll
0x00007fffd1190000 - 0x00007fffd133b000 	C:\WINDOWS\WinSxS\amd64_microsoft.windows.gdiplus_6595b64144ccf1df_1.1.19041.789_none_faf0a7e97612e7bb\gdiplus.dll
0x00007fffa5fb0000 - 0x00007fffa6053000 	C:\Windows\System32\PortableDeviceApi.dll
0x00007fffeba00000 - 0x00007fffebe67000 	C:\WINDOWS\System32\SETUPAPI.dll
0x00007fffe95f0000 - 0x00007fffe9650000 	C:\WINDOWS\System32\WINTRUST.dll
0x00007fffe9b60000 - 0x00007fffe9cb6000 	C:\WINDOWS\System32\CRYPT32.dll
0x00007fffe8d80000 - 0x00007fffe8d92000 	C:\WINDOWS\System32\MSASN1.dll
0x00007fffbe010000 - 0x00007fffbe047000 	C:\Windows\System32\EhStorShell.dll
0x00007fffc4a20000 - 0x00007fffc4a46000 	C:\Windows\System32\EhStorAPI.dll
0x00007fffe53c0000 - 0x00007fffe53d4000 	C:\Windows\System32\WTSAPI32.dll
0x00007fffe7550000 - 0x00007fffe755c000 	C:\WINDOWS\SYSTEM32\Secur32.dll
0x00007fffe94a0000 - 0x00007fffe94dc000 	C:\WINDOWS\SYSTEM32\SSPICLI.DLL
0x00007fffd5840000 - 0x00007fffd5859000 	C:\WINDOWS\SYSTEM32\samcli.dll
0x00007fffd0560000 - 0x00007fffd0585000 	C:\WINDOWS\SYSTEM32\SAMLIB.dll

VM Arguments:
jvm_args: -agentlib:jdwp=transport=dt_socket,suspend=y,address=localhost:60534 -javaagent:C:\Data\Eclipse\eclipse-instance\configuration\org.eclipse.osgi\1406\0\.cp\lib\javaagent-shaded.jar -Dfile.encoding=UTF-8 
java_command: at.csa.csaj.sig.hrv.SignalHRV
java_class_path (initial): C:\Data\Eclipse\ws-comsystanj\comsystanj\sig-hrv\target\classes;C:\Data\Eclipse\ws-comsystanj\comsystanj\sig-opener\target\classes;C:\Data\Eclipse\ws-comsystanj\comsystanj\commons\target\classes;C:\Users\helaha\.m2\repository\org\jfree\jfreechart\1.5.0\jfreechart-1.5.0.jar;C:\Users\helaha\.m2\repository\net\imagej\imagej\2.1.0\imagej-2.1.0.jar;C:\Users\helaha\.m2\repository\net\imagej\imagej-common\0.33.0\imagej-common-0.33.0.jar;C:\Users\helaha\.m2\repository\net\imglib2\imglib2\5.10.0\imglib2-5.10.0.jar;C:\Users\helaha\.m2\repository\net\imglib2\imglib2-roi\0.10.3\imglib2-roi-0.10.3.jar;C:\Users\helaha\.m2\repository\org\scijava\scijava-table\0.6.1\scijava-table-0.6.1.jar;C:\Users\helaha\.m2\repository\edu\ucar\udunits\4.3.18\udunits-4.3.18.jar;C:\Users\helaha\.m2\repository\net\imagej\imagej-launcher\5.0.3\imagej-launcher-5.0.3.jar;C:\Users\helaha\.m2\repository\net\imagej\imagej-notebook\0.7.1\imagej-notebook-0.7.1.jar;C:\Users\helaha\.m2\repository\org\apache\commons\commons-text\1.8\commons-text-1.8.jar;C:\Users\helaha\.m2\repository\org\knowm\xchart\xchart\3.5.4\xchart-3.5.4.jar;C:\Users\helaha\.m2\repository\de\erichseifert\vectorgraphics2d\VectorGraphics2D\0.13\VectorGraphics2D-0.13.jar;C:\Users\helaha\.m2\repository\net\imagej\imagej-ops\0.45.5\imagej-ops-0.45.5.jar;C:\Users\helaha\.m2\repository\net\imagej\imagej-mesh\0.8.0\imagej-mesh-0.8.0.jar;C:\Users\helaha\.m2\repository\net\imglib2\imglib2-algorithm\0.11.2\imglib2-algorithm-0.11.2.jar;C:\Users\helaha\.m2\repository\net\imglib2\imglib2-algorithm-fft\0.2.0\imglib2-algorithm-fft-0.2.0.jar;C:\Users\helaha\.m2\repository\edu\mines\mines-jtk\20151125\mines-jtk-20151125.jar;C:\Users\helaha\.m2\repository\net\imglib2\imglib2-realtransform\3.0.0\imglib2-realtransform-3.0.0.jar;C:\Users\helaha\.m2\repository\jitk\jitk-tps\3.0.1\jitk-tps-3.0.1.jar;C:\Users\helaha\.m2\repository\com\googlecode\efficient-java-matrix-library\ejml\0.24\ejml-0.24.jar;C:\Users\helaha\.m2\repository\log4j
Launcher Type: SUN_STANDARD

Environment Variables:
JAVA_HOME=C:\Program Files\AdoptOpenJDK\jdk-8.0.275.1-hotspot
PATH=C:\Program Files\AdoptOpenJDK\jdk-8.0.275.1-hotspot\jre\bin;C:/Data/OpenJDK/jdk-13.0.1/bin/server;C:/Data/OpenJDK/jdk-13.0.1/bin;C:\Program Files\AdoptOpenJDK\jdk-8.0.275.1-hotspot\bin;C:\Program Files\AdoptOpenJDK\jdk-8.0.275.1-hotspot\bin;C:\WINDOWS\system32;C:\WINDOWS;C:\WINDOWS\System32\Wbem;C:\WINDOWS\System32\WindowsPowerShell\v1.0\;C:\WINDOWS\System32\OpenSSH\;C:\Data\Eclipse\apache-maven-3.6.3\bin;C:\Program Files (x86)\Webex\Plugins;C:\Program Files\TortoiseGit\bin;C:\Users\helaha\AppData\Local\Microsoft\WindowsApps;C:\Data\Git\cmd;C:\Users\helaha\AppData\Local\GitHubDesktop\bin;C:\Data\Eclipse\eclipse-instance;
USERNAME=helaha
OS=Windows_NT
PROCESSOR_IDENTIFIER=Intel64 Family 6 Model 142 Stepping 12, GenuineIntel



---------------  S Y S T E M  ---------------

OS: Windows 10.0 , 64 bit Build 19041 (10.0.19041.804)

CPU:total 8 (initial active 8) (4 cores per cpu, 2 threads per core) family 6 model 142 stepping 12, cmov, cx8, fxsr, mmx, sse, sse2, sse3, ssse3, sse4.1, sse4.2, popcnt, avx, avx2, aes, clmul, erms, 3dnowpref, lzcnt, ht, tsc, tscinvbit, bmi1, bmi2, adx

Memory: 4k page, physical 16620632k(9351856k free), swap 19111000k(9232504k free)

vm_info: OpenJDK 64-Bit Server VM (25.275-b01) for windows-amd64 JRE (1.8.0_275-b01), built on Nov 10 2020 15:01:01 by "jenkins" with MS VC++ 12.0 (VS2013)

time: Fri Mar 12 16:56:35 2021
timezone: Mitteleuropäische Zeit
elapsed time: 310.310087 seconds (0d 0h 5m 10s)

